<?xml version="1.0" encoding="UTF-8"?>
<!-- Generated by org.testng.reporters.JUnitXMLReporter -->
<testsuite ignored="0" hostname="DESKTOP-08STSR1" failures="0" tests="10" name="Test" time="0.098" errors="0" timestamp="2022-11-07T10:12:52 IST">
  <testcase classname="src.TestCount" name="createCustomer" time="0.011"/>
  <testcase classname="src.TestCount" name="editCustomer" time="0.001"/>
  <testcase classname="src.TestCount" name="deleteCustomer" time="0.002"/>
  <testcase classname="src.TestCount" name="deleteCustomer" time="0.001"/>
  <testcase classname="src.TestCount" name="deleteCustomer" time="0.002"/>
  <testcase classname="src.TestCount" name="deleteCustomer" time="0.002"/>
  <testcase classname="src.TestCount" name="deleteCustomer" time="0.001"/>
  <testcase classname="src.testPriority_2" name="createCustomer" time="0.001"/>
  <testcase classname="src.testPriority_2" name="editCustomer" time="0.001"/>
  <testcase classname="src.testPriority_2" name="deleteCustomer" time="0.002"/>
</testsuite> <!-- Test -->
